{"/Users/angelicaperez/LambdaSchoolProjects/Back-End-Two/Build/back-end/knexfile.js": {"path":"/Users/angelicaperez/LambdaSchoolProjects/Back-End-Two/Build/back-end/knexfile.js","statementMap":{"0":{"start":{"line":31,"column":0},"end":{"line":31,"column":27}},"1":{"start":{"line":33,"column":0},"end":{"line":90,"column":2}},"2":{"start":{"line":48,"column":14},"end":{"line":48,"column":56}},"3":{"start":{"line":66,"column":14},"end":{"line":66,"column":56}}},"fnMap":{"0":{"name":"(anonymous_0)","decl":{"start":{"line":47,"column":23},"end":{"line":47,"column":24}},"loc":{"start":{"line":47,"column":39},"end":{"line":49,"column":11}},"line":47},"1":{"name":"(anonymous_1)","decl":{"start":{"line":65,"column":23},"end":{"line":65,"column":24}},"loc":{"start":{"line":65,"column":39},"end":{"line":67,"column":11}},"line":65}},"branchMap":{},"s":{"0":1,"1":1,"2":0,"3":1},"f":{"0":0,"1":1},"b":{},"_coverageSchema":"1a1c01bbd47fc00a2c39e90264f33305004495a9","hash":"f977eeb5e424348339ea5ddcd46b7e8f6fc6d385"}
,"/Users/angelicaperez/LambdaSchoolProjects/Back-End-Two/Build/back-end/api/server.js": {"path":"/Users/angelicaperez/LambdaSchoolProjects/Back-End-Two/Build/back-end/api/server.js","statementMap":{"0":{"start":{"line":1,"column":16},"end":{"line":1,"column":34}},"1":{"start":{"line":2,"column":13},"end":{"line":2,"column":28}},"2":{"start":{"line":3,"column":15},"end":{"line":3,"column":32}},"3":{"start":{"line":4,"column":15},"end":{"line":4,"column":32}},"4":{"start":{"line":5,"column":0},"end":{"line":5,"column":27}},"5":{"start":{"line":7,"column":19},"end":{"line":7,"column":48}},"6":{"start":{"line":8,"column":22},"end":{"line":8,"column":57}},"7":{"start":{"line":9,"column":19},"end":{"line":9,"column":48}},"8":{"start":{"line":11,"column":15},"end":{"line":11,"column":24}},"9":{"start":{"line":13,"column":0},"end":{"line":13,"column":25}},"10":{"start":{"line":14,"column":0},"end":{"line":14,"column":21}},"11":{"start":{"line":15,"column":0},"end":{"line":15,"column":19}},"12":{"start":{"line":16,"column":0},"end":{"line":16,"column":27}},"13":{"start":{"line":18,"column":0},"end":{"line":18,"column":35}},"14":{"start":{"line":19,"column":0},"end":{"line":19,"column":42}},"15":{"start":{"line":20,"column":0},"end":{"line":20,"column":30}},"16":{"start":{"line":22,"column":0},"end":{"line":26,"column":2}},"17":{"start":{"line":23,"column":4},"end":{"line":25,"column":6}},"18":{"start":{"line":28,"column":0},"end":{"line":34,"column":2}},"19":{"start":{"line":29,"column":4},"end":{"line":29,"column":20}},"20":{"start":{"line":31,"column":4},"end":{"line":33,"column":6}},"21":{"start":{"line":36,"column":0},"end":{"line":36,"column":24}}},"fnMap":{"0":{"name":"(anonymous_0)","decl":{"start":{"line":22,"column":16},"end":{"line":22,"column":17}},"loc":{"start":{"line":22,"column":30},"end":{"line":26,"column":1}},"line":22},"1":{"name":"(anonymous_1)","decl":{"start":{"line":28,"column":11},"end":{"line":28,"column":12}},"loc":{"start":{"line":28,"column":36},"end":{"line":34,"column":1}},"line":28}},"branchMap":{},"s":{"0":1,"1":1,"2":1,"3":1,"4":1,"5":1,"6":1,"7":1,"8":1,"9":1,"10":1,"11":1,"12":1,"13":1,"14":1,"15":1,"16":1,"17":0,"18":1,"19":0,"20":0,"21":1},"f":{"0":0,"1":0},"b":{},"_coverageSchema":"1a1c01bbd47fc00a2c39e90264f33305004495a9","hash":"c300f5546aa9001e15ccbbabcb630433cb3a9740"}
,"/Users/angelicaperez/LambdaSchoolProjects/Back-End-Two/Build/back-end/api/potluck/potluck-model.js": {"path":"/Users/angelicaperez/LambdaSchoolProjects/Back-End-Two/Build/back-end/api/potluck/potluck-model.js","statementMap":{"0":{"start":{"line":1,"column":11},"end":{"line":1,"column":41}},"1":{"start":{"line":4,"column":17},"end":{"line":4,"column":59}},"2":{"start":{"line":5,"column":4},"end":{"line":5,"column":30}},"3":{"start":{"line":9,"column":4},"end":{"line":11,"column":88}},"4":{"start":{"line":15,"column":4},"end":{"line":18,"column":18}},"5":{"start":{"line":22,"column":4},"end":{"line":26,"column":12}},"6":{"start":{"line":30,"column":4},"end":{"line":32,"column":20}},"7":{"start":{"line":33,"column":4},"end":{"line":33,"column":30}},"8":{"start":{"line":37,"column":4},"end":{"line":39,"column":10}},"9":{"start":{"line":68,"column":0},"end":{"line":75,"column":1}}},"fnMap":{"0":{"name":"addPotluck","decl":{"start":{"line":3,"column":15},"end":{"line":3,"column":25}},"loc":{"start":{"line":3,"column":35},"end":{"line":6,"column":1}},"line":3},"1":{"name":"findPotluck","decl":{"start":{"line":8,"column":9},"end":{"line":8,"column":20}},"loc":{"start":{"line":8,"column":23},"end":{"line":12,"column":1}},"line":8},"2":{"name":"findPotluckBy","decl":{"start":{"line":14,"column":9},"end":{"line":14,"column":22}},"loc":{"start":{"line":14,"column":31},"end":{"line":19,"column":1}},"line":14},"3":{"name":"findPotluckById","decl":{"start":{"line":21,"column":9},"end":{"line":21,"column":24}},"loc":{"start":{"line":21,"column":29},"end":{"line":27,"column":1}},"line":21},"4":{"name":"updatePotluck","decl":{"start":{"line":29,"column":15},"end":{"line":29,"column":28}},"loc":{"start":{"line":29,"column":42},"end":{"line":34,"column":1}},"line":29},"5":{"name":"deletePotluck","decl":{"start":{"line":36,"column":9},"end":{"line":36,"column":22}},"loc":{"start":{"line":36,"column":27},"end":{"line":40,"column":1}},"line":36}},"branchMap":{},"s":{"0":1,"1":1,"2":1,"3":1,"4":0,"5":7,"6":1,"7":1,"8":0,"9":1},"f":{"0":1,"1":1,"2":0,"3":7,"4":1,"5":0},"b":{},"_coverageSchema":"1a1c01bbd47fc00a2c39e90264f33305004495a9","hash":"82a822aa71d855caba13492a14df782bc36bd4ab"}
,"/Users/angelicaperez/LambdaSchoolProjects/Back-End-Two/Build/back-end/data/dbConfig.js": {"path":"/Users/angelicaperez/LambdaSchoolProjects/Back-End-Two/Build/back-end/data/dbConfig.js","statementMap":{"0":{"start":{"line":1,"column":13},"end":{"line":1,"column":28}},"1":{"start":{"line":2,"column":19},"end":{"line":2,"column":41}},"2":{"start":{"line":3,"column":20},"end":{"line":3,"column":57}},"3":{"start":{"line":5,"column":0},"end":{"line":5,"column":47}}},"fnMap":{},"branchMap":{"0":{"loc":{"start":{"line":3,"column":20},"end":{"line":3,"column":57}},"type":"binary-expr","locations":[{"start":{"line":3,"column":20},"end":{"line":3,"column":40}},{"start":{"line":3,"column":44},"end":{"line":3,"column":57}}],"line":3}},"s":{"0":1,"1":1,"2":1,"3":1},"f":{},"b":{"0":[1,0]},"_coverageSchema":"1a1c01bbd47fc00a2c39e90264f33305004495a9","hash":"c0d16e8614f19549f93e3277d7a3416ffe70e08d"}
,"/Users/angelicaperez/LambdaSchoolProjects/Back-End-Two/Build/back-end/data/seeds/001_users.js": {"path":"/Users/angelicaperez/LambdaSchoolProjects/Back-End-Two/Build/back-end/data/seeds/001_users.js","statementMap":{"0":{"start":{"line":1,"column":0},"end":{"line":10,"column":2}},"1":{"start":{"line":2,"column":2},"end":{"line":2,"column":27}},"2":{"start":{"line":4,"column":2},"end":{"line":9,"column":4}}},"fnMap":{"0":{"name":"(anonymous_0)","decl":{"start":{"line":1,"column":15},"end":{"line":1,"column":16}},"loc":{"start":{"line":1,"column":36},"end":{"line":10,"column":1}},"line":1}},"branchMap":{},"s":{"0":1,"1":11,"2":11},"f":{"0":11},"b":{},"_coverageSchema":"1a1c01bbd47fc00a2c39e90264f33305004495a9","hash":"31b9f92f1fe3cb51d9458ab9cacf1f92112b6cb5"}
}
