TN:
SF:knexfile.js
FN:47,(anonymous_0)
FN:65,(anonymous_1)
FNF:2
FNH:1
FNDA:0,(anonymous_0)
FNDA:1,(anonymous_1)
DA:31,1
DA:33,1
DA:48,0
DA:66,1
LF:4
LH:3
BRF:0
BRH:0
end_of_record
TN:
SF:api/server.js
FN:22,(anonymous_0)
FN:28,(anonymous_1)
FNF:2
FNH:0
FNDA:0,(anonymous_0)
FNDA:0,(anonymous_1)
DA:1,1
DA:2,1
DA:3,1
DA:4,1
DA:5,1
DA:7,1
DA:8,1
DA:9,1
DA:11,1
DA:13,1
DA:14,1
DA:15,1
DA:16,1
DA:18,1
DA:19,1
DA:20,1
DA:22,1
DA:23,0
DA:28,1
DA:29,0
DA:31,0
DA:36,1
LF:22
LH:19
BRF:0
BRH:0
end_of_record
TN:
SF:api/potluck/potluck-model.js
FN:3,addPotluck
FN:8,findPotluck
FN:14,findPotluckBy
FN:21,findPotluckById
FN:29,updatePotluck
FN:36,deletePotluck
FNF:6
FNH:4
FNDA:1,addPotluck
FNDA:1,findPotluck
FNDA:0,findPotluckBy
FNDA:7,findPotluckById
FNDA:1,updatePotluck
FNDA:0,deletePotluck
DA:1,1
DA:4,1
DA:5,1
DA:9,1
DA:15,0
DA:22,7
DA:30,1
DA:33,1
DA:37,0
DA:68,1
LF:10
LH:8
BRF:0
BRH:0
end_of_record
TN:
SF:data/dbConfig.js
FNF:0
FNH:0
DA:1,1
DA:2,1
DA:3,1
DA:5,1
LF:4
LH:4
BRDA:3,0,0,1
BRDA:3,0,1,0
BRF:2
BRH:1
end_of_record
TN:
SF:data/seeds/001_users.js
FN:1,(anonymous_0)
FNF:1
FNH:1
FNDA:11,(anonymous_0)
DA:1,1
DA:2,11
DA:4,11
LF:3
LH:3
BRF:0
BRH:0
end_of_record
